<?xml version="1.0" encoding="UTF-8"?>
<testng-results skipped="0" failed="0" ignored="0" total="4" passed="4">
  <reporter-output>
  </reporter-output>
  <suite name="Suite" duration-ms="37814" started-at="2022-05-05T20:33:08 IST" finished-at="2022-05-05T20:33:46 IST">
    <groups>
      <group name="cucumber">
        <method signature="AbstractTestNGCucumberTests.runScenario(io.cucumber.testng.PickleWrapper, io.cucumber.testng.FeatureWrapper)[pri:0, instance:com.runner.WebTestRunner@6e20b53a]" name="runScenario" class="io.cucumber.testng.AbstractTestNGCucumberTests"/>
        <method signature="AbstractTestNGCucumberTests.runScenario(io.cucumber.testng.PickleWrapper, io.cucumber.testng.FeatureWrapper)[pri:0, instance:com.runner.APITestRunner@5c5eefef]" name="runScenario" class="io.cucumber.testng.AbstractTestNGCucumberTests"/>
      </group> <!-- cucumber -->
    </groups>
    <test name="Web_Test" duration-ms="32498" started-at="2022-05-05T20:33:08 IST" finished-at="2022-05-05T20:33:41 IST">
      <class name="com.runner.WebTestRunner">
        <test-method status="PASS" signature="setUpClass(org.testng.ITestContext)[pri:0, instance:com.runner.WebTestRunner@6e20b53a]" name="setUpClass" is-config="true" duration-ms="504" started-at="2022-05-05T20:33:08 IST" finished-at="2022-05-05T20:33:09 IST">
          <params>
            <param index="0">
              <value>
                <![CDATA[org.testng.TestRunner@3b6c2be6]]>
              </value>
            </param>
          </params>
          <reporter-output>
          </reporter-output>
        </test-method> <!-- setUpClass -->
        <test-method status="PASS" signature="runScenario(io.cucumber.testng.PickleWrapper, io.cucumber.testng.FeatureWrapper)[pri:0, instance:com.runner.WebTestRunner@6e20b53a]" name="runScenario" duration-ms="15288" started-at="2022-05-05T20:33:09 IST" description="Runs Cucumber Scenarios" data-provider="scenarios" finished-at="2022-05-05T20:33:24 IST">
          <params>
            <param index="0">
              <value>
                <![CDATA["Check if user is logged into application successfully"]]>
              </value>
            </param>
            <param index="1">
              <value>
                <![CDATA["Login to the application with valid credentials in browser"]]>
              </value>
            </param>
          </params>
          <reporter-output>
          </reporter-output>
        </test-method> <!-- runScenario -->
        <test-method status="PASS" signature="runScenario(io.cucumber.testng.PickleWrapper, io.cucumber.testng.FeatureWrapper)[pri:0, instance:com.runner.WebTestRunner@6e20b53a]" name="runScenario" duration-ms="16158" started-at="2022-05-05T20:33:24 IST" description="Runs Cucumber Scenarios" data-provider="scenarios" finished-at="2022-05-05T20:33:40 IST">
          <params>
            <param index="0">
              <value>
                <![CDATA["Check if user is able to register with valid data into application successfully"]]>
              </value>
            </param>
            <param index="1">
              <value>
                <![CDATA["Register to the application with valid details in browser"]]>
              </value>
            </param>
          </params>
          <reporter-output>
          </reporter-output>
        </test-method> <!-- runScenario -->
        <test-method status="PASS" signature="tearDownClass()[pri:0, instance:com.runner.WebTestRunner@6e20b53a]" name="tearDownClass" is-config="true" duration-ms="478" started-at="2022-05-05T20:33:40 IST" finished-at="2022-05-05T20:33:41 IST">
          <reporter-output>
          </reporter-output>
        </test-method> <!-- tearDownClass -->
      </class> <!-- com.runner.WebTestRunner -->
    </test> <!-- Web_Test -->
    <test name="API_Test" duration-ms="5287" started-at="2022-05-05T20:33:41 IST" finished-at="2022-05-05T20:33:46 IST">
      <class name="com.runner.APITestRunner">
        <test-method status="PASS" signature="setUpClass(org.testng.ITestContext)[pri:0, instance:com.runner.APITestRunner@5c5eefef]" name="setUpClass" is-config="true" duration-ms="25" started-at="2022-05-05T20:33:41 IST" finished-at="2022-05-05T20:33:41 IST">
          <params>
            <param index="0">
              <value>
                <![CDATA[org.testng.TestRunner@25533bba]]>
              </value>
            </param>
          </params>
          <reporter-output>
          </reporter-output>
        </test-method> <!-- setUpClass -->
        <test-method status="PASS" signature="runScenario(io.cucumber.testng.PickleWrapper, io.cucumber.testng.FeatureWrapper)[pri:0, instance:com.runner.APITestRunner@5c5eefef]" name="runScenario" duration-ms="3978" started-at="2022-05-05T20:33:41 IST" description="Runs Cucumber Scenarios" data-provider="scenarios" finished-at="2022-05-05T20:33:45 IST">
          <params>
            <param index="0">
              <value>
                <![CDATA["Check if user is able to logged into application successfully"]]>
              </value>
            </param>
            <param index="1">
              <value>
                <![CDATA["Login to the application with valid credentials in API"]]>
              </value>
            </param>
          </params>
          <reporter-output>
          </reporter-output>
        </test-method> <!-- runScenario -->
        <test-method status="PASS" signature="runScenario(io.cucumber.testng.PickleWrapper, io.cucumber.testng.FeatureWrapper)[pri:0, instance:com.runner.APITestRunner@5c5eefef]" name="runScenario" duration-ms="1268" started-at="2022-05-05T20:33:45 IST" description="Runs Cucumber Scenarios" data-provider="scenarios" finished-at="2022-05-05T20:33:46 IST">
          <params>
            <param index="0">
              <value>
                <![CDATA["Check if user is able to register with valid data into application api successfully"]]>
              </value>
            </param>
            <param index="1">
              <value>
                <![CDATA["Register to the application with valid details in API"]]>
              </value>
            </param>
          </params>
          <reporter-output>
          </reporter-output>
        </test-method> <!-- runScenario -->
        <test-method status="PASS" signature="tearDownClass()[pri:0, instance:com.runner.APITestRunner@5c5eefef]" name="tearDownClass" is-config="true" duration-ms="10" started-at="2022-05-05T20:33:46 IST" finished-at="2022-05-05T20:33:46 IST">
          <reporter-output>
          </reporter-output>
        </test-method> <!-- tearDownClass -->
      </class> <!-- com.runner.APITestRunner -->
    </test> <!-- API_Test -->
  </suite> <!-- Suite -->
</testng-results>
